# JRE version: OpenJDK Runtime Environment Temurin-17.0.11+9 (17.0.11+9) (build 17.0.11+9)
# Java VM: OpenJDK 64-Bit Server VM Temurin-17.0.11+9 (17.0.11+9, mixed mode, tiered, compressed oops, compressed class ptrs, parallel gc, windows-amd64)
GC Precious Log:
 CPUs: 8 total, 8 available
 Memory: 7600M
 Large Page Support: Disabled
 NUMA Support: Disabled
 Compressed Oops: Enabled (32-bit)
 Alignments: Space 512K, Generation 512K, Heap 2M
 Heap Min Capacity: 100M
 Heap Initial Capacity: 100M
 Heap Max Capacity: 1G
 Pre-touch: Disabled
 Parallel Workers: 8
Heap:
 PSYoungGen      total 5632K, used 5104K [0x00000000eab00000, 0x00000000edb80000, 0x0000000100000000)
  eden space 512K, 0% used [0x00000000eab00000,0x00000000eab00000,0x00000000eab80000)
  from space 5120K, 99% used [0x00000000ebb80000,0x00000000ec07c000,0x00000000ec080000)
  to   space 16384K, 0% used [0x00000000eab80000,0x00000000eab80000,0x00000000ebb80000)
 ParOldGen       total 438784K, used 438724K [0x00000000c0000000, 0x00000000dac80000, 0x00000000eab00000)
  object space 438784K, 99% used [0x00000000c0000000,0x00000000dac71058,0x00000000dac80000)
 Metaspace       used 93538K, committed 94912K, reserved 1179648K
  class space    used 9514K, committed 10176K, reserved 1048576K
GC Heap History (20 events):
Event: 274824.621 GC heap after
{Heap after GC invocations=1105 (full 39):
 PSYoungGen      total 13312K, used 282K [0x00000000eab00000, 0x00000000ebc00000, 0x0000000100000000)
  eden space 11776K, 0% used [0x00000000eab00000,0x00000000eab00000,0x00000000eb680000)
  from space 1536K, 18% used [0x00000000eb980000,0x00000000eb9c6900,0x00000000ebb00000)
  to   space 1024K, 0% used [0x00000000ebb00000,0x00000000ebb00000,0x00000000ebc00000)
 ParOldGen       total 431104K, used 412388K [0x00000000c0000000, 0x00000000da500000, 0x00000000eab00000)
  object space 431104K, 95% used [0x00000000c0000000,0x00000000d92b9078,0x00000000da500000)
 Metaspace       used 93499K, committed 94912K, reserved 1179648K
  class space    used 9514K, committed 10176K, reserved 1048576K
}
Event: 274824.638 GC heap before
{Heap before GC invocations=1106 (full 39):
 PSYoungGen      total 13312K, used 12058K [0x00000000eab00000, 0x00000000ebc00000, 0x0000000100000000)
  eden space 11776K, 100% used [0x00000000eab00000,0x00000000eb680000,0x00000000eb680000)
  from space 1536K, 18% used [0x00000000eb980000,0x00000000eb9c6900,0x00000000ebb00000)
  to   space 1024K, 0% used [0x00000000ebb00000,0x00000000ebb00000,0x00000000ebc00000)
 ParOldGen       total 431104K, used 412388K [0x00000000c0000000, 0x00000000da500000, 0x00000000eab00000)
  object space 431104K, 95% used [0x00000000c0000000,0x00000000d92b9078,0x00000000da500000)
 Metaspace       used 93500K, committed 94912K, reserved 1179648K
  class space    used 9514K, committed 10176K, reserved 1048576K
}
Event: 274824.639 GC heap after
{Heap after GC invocations=1106 (full 39):
 PSYoungGen      total 12800K, used 819K [0x00000000eab00000, 0x00000000ebc00000, 0x0000000100000000)
  eden space 11776K, 0% used [0x00000000eab00000,0x00000000eab00000,0x00000000eb680000)
  from space 1024K, 80% used [0x00000000ebb00000,0x00000000ebbccd10,0x00000000ebc00000)
  to   space 1024K, 0% used [0x00000000eba00000,0x00000000eba00000,0x00000000ebb00000)
 ParOldGen       total 431104K, used 412404K [0x00000000c0000000, 0x00000000da500000, 0x00000000eab00000)
  object space 431104K, 95% used [0x00000000c0000000,0x00000000d92bd078,0x00000000da500000)
 Metaspace       used 93500K, committed 94912K, reserved 1179648K
  class space    used 9514K, committed 10176K, reserved 1048576K
}
Event: 274825.300 GC heap before
{Heap before GC invocations=1107 (full 39):
 PSYoungGen      total 12800K, used 12595K [0x00000000eab00000, 0x00000000ebc00000, 0x0000000100000000)
  eden space 11776K, 100% used [0x00000000eab00000,0x00000000eb680000,0x00000000eb680000)
  from space 1024K, 80% used [0x00000000ebb00000,0x00000000ebbccd10,0x00000000ebc00000)
  to   space 1024K, 0% used [0x00000000eba00000,0x00000000eba00000,0x00000000ebb00000)
 ParOldGen       total 431104K, used 412404K [0x00000000c0000000, 0x00000000da500000, 0x00000000eab00000)
  object space 431104K, 95% used [0x00000000c0000000,0x00000000d92bd078,0x00000000da500000)
 Metaspace       used 93506K, committed 94912K, reserved 1179648K
  class space    used 9514K, committed 10176K, reserved 1048576K
}
Event: 274825.302 GC heap after
{Heap after GC invocations=1107 (full 39):
 PSYoungGen      total 12800K, used 554K [0x00000000eab00000, 0x00000000ebb80000, 0x0000000100000000)
  eden space 11776K, 0% used [0x00000000eab00000,0x00000000eab00000,0x00000000eb680000)
  from space 1024K, 54% used [0x00000000eba00000,0x00000000eba8a930,0x00000000ebb00000)
  to   space 512K, 0% used [0x00000000ebb00000,0x00000000ebb00000,0x00000000ebb80000)
 ParOldGen       total 431104K, used 413008K [0x00000000c0000000, 0x00000000da500000, 0x00000000eab00000)
  object space 431104K, 95% used [0x00000000c0000000,0x00000000d9354298,0x00000000da500000)
 Metaspace       used 93506K, committed 94912K, reserved 1179648K
  class space    used 9514K, committed 10176K, reserved 1048576K
}
Event: 274825.332 GC heap before
{Heap before GC invocations=1108 (full 39):
 PSYoungGen      total 12800K, used 12330K [0x00000000eab00000, 0x00000000ebb80000, 0x0000000100000000)
  eden space 11776K, 100% used [0x00000000eab00000,0x00000000eb680000,0x00000000eb680000)
  from space 1024K, 54% used [0x00000000eba00000,0x00000000eba8a930,0x00000000ebb00000)
  to   space 512K, 0% used [0x00000000ebb00000,0x00000000ebb00000,0x00000000ebb80000)
 ParOldGen       total 431104K, used 413008K [0x00000000c0000000, 0x00000000da500000, 0x00000000eab00000)
  object space 431104K, 95% used [0x00000000c0000000,0x00000000d9354298,0x00000000da500000)
 Metaspace       used 93506K, committed 94912K, reserved 1179648K
  class space    used 9514K, committed 10176K, reserved 1048576K
}
Event: 274825.333 GC heap after
{Heap after GC invocations=1108 (full 39):
 PSYoungGen      total 12288K, used 500K [0x00000000eab00000, 0x00000000ebb80000, 0x0000000100000000)
  eden space 11776K, 0% used [0x00000000eab00000,0x00000000eab00000,0x00000000eb680000)
  from space 512K, 97% used [0x00000000ebb00000,0x00000000ebb7d200,0x00000000ebb80000)
  to   space 1536K, 0% used [0x00000000eb880000,0x00000000eb880000,0x00000000eba00000)
 ParOldGen       total 431104K, used 413653K [0x00000000c0000000, 0x00000000da500000, 0x00000000eab00000)
  object space 431104K, 95% used [0x00000000c0000000,0x00000000d93f54d8,0x00000000da500000)
 Metaspace       used 93506K, committed 94912K, reserved 1179648K
  class space    used 9514K, committed 10176K, reserved 1048576K
}
Event: 274825.358 GC heap before
{Heap before GC invocations=1109 (full 39):
 PSYoungGen      total 12288K, used 12276K [0x00000000eab00000, 0x00000000ebb80000, 0x0000000100000000)
  eden space 11776K, 100% used [0x00000000eab00000,0x00000000eb680000,0x00000000eb680000)
  from space 512K, 97% used [0x00000000ebb00000,0x00000000ebb7d200,0x00000000ebb80000)
  to   space 1536K, 0% used [0x00000000eb880000,0x00000000eb880000,0x00000000eba00000)
 ParOldGen       total 431104K, used 413653K [0x00000000c0000000, 0x00000000da500000, 0x00000000eab00000)
  object space 431104K, 95% used [0x00000000c0000000,0x00000000d93f54d8,0x00000000da500000)
 Metaspace       used 93524K, committed 94912K, reserved 1179648K
  class space    used 9514K, committed 10176K, reserved 1048576K
}
Event: 274825.368 GC heap after
{Heap after GC invocations=1109 (full 39):
 PSYoungGen      total 13312K, used 1525K [0x00000000eab00000, 0x00000000ec580000, 0x0000000100000000)
  eden space 11776K, 0% used [0x00000000eab00000,0x00000000eab00000,0x00000000eb680000)
  from space 1536K, 99% used [0x00000000eb880000,0x00000000eb9fd4c0,0x00000000eba00000)
  to   space 7680K, 0% used [0x00000000ebe00000,0x00000000ebe00000,0x00000000ec580000)
 ParOldGen       total 431104K, used 418617K [0x00000000c0000000, 0x00000000da500000, 0x00000000eab00000)
  object space 431104K, 97% used [0x00000000c0000000,0x00000000d98ce6d8,0x00000000da500000)
 Metaspace       used 93524K, committed 94912K, reserved 1179648K
  class space    used 9514K, committed 10176K, reserved 1048576K
}
Event: 274825.549 GC heap before
{Heap before GC invocations=1110 (full 39):
 PSYoungGen      total 13312K, used 13301K [0x00000000eab00000, 0x00000000ec580000, 0x0000000100000000)
  eden space 11776K, 99% used [0x00000000eab00000,0x00000000eb67fff8,0x00000000eb680000)
  from space 1536K, 99% used [0x00000000eb880000,0x00000000eb9fd4c0,0x00000000eba00000)
  to   space 7680K, 0% used [0x00000000ebe00000,0x00000000ebe00000,0x00000000ec580000)
 ParOldGen       total 431104K, used 418617K [0x00000000c0000000, 0x00000000da500000, 0x00000000eab00000)
  object space 431104K, 97% used [0x00000000c0000000,0x00000000d98ce6d8,0x00000000da500000)
 Metaspace       used 93530K, committed 94912K, reserved 1179648K
  class space    used 9514K, committed 10176K, reserved 1048576K
}
Event: 274825.553 GC heap after
{Heap after GC invocations=1110 (full 39):
 PSYoungGen      total 13824K, used 1860K [0x00000000eab00000, 0x00000000ec000000, 0x0000000100000000)
  eden space 11776K, 0% used [0x00000000eab00000,0x00000000eab00000,0x00000000eb680000)
  from space 2048K, 90% used [0x00000000ebe00000,0x00000000ebfd1210,0x00000000ec000000)
  to   space 3584K, 0% used [0x00000000eb900000,0x00000000eb900000,0x00000000ebc80000)
 ParOldGen       total 431104K, used 420100K [0x00000000c0000000, 0x00000000da500000, 0x00000000eab00000)
  object space 431104K, 97% used [0x00000000c0000000,0x00000000d9a41298,0x00000000da500000)
 Metaspace       used 93530K, committed 94912K, reserved 1179648K
  class space    used 9514K, committed 10176K, reserved 1048576K
}
Event: 274825.844 GC heap before
{Heap before GC invocations=1111 (full 39):
 PSYoungGen      total 13824K, used 13636K [0x00000000eab00000, 0x00000000ec000000, 0x0000000100000000)
  eden space 11776K, 100% used [0x00000000eab00000,0x00000000eb680000,0x00000000eb680000)
  from space 2048K, 90% used [0x00000000ebe00000,0x00000000ebfd1210,0x00000000ec000000)
  to   space 3584K, 0% used [0x00000000eb900000,0x00000000eb900000,0x00000000ebc80000)
 ParOldGen       total 431104K, used 420100K [0x00000000c0000000, 0x00000000da500000, 0x00000000eab00000)
  object space 431104K, 97% used [0x00000000c0000000,0x00000000d9a41298,0x00000000da500000)
 Metaspace       used 93531K, committed 94912K, reserved 1179648K
  class space    used 9514K, committed 10176K, reserved 1048576K
}
Event: 274825.846 GC heap after
{Heap after GC invocations=1111 (full 39):
 PSYoungGen      total 15360K, used 538K [0x00000000eab00000, 0x00000000ebe80000, 0x0000000100000000)
  eden space 11776K, 0% used [0x00000000eab00000,0x00000000eab00000,0x00000000eb680000)
  from space 3584K, 15% used [0x00000000eb900000,0x00000000eb986920,0x00000000ebc80000)
  to   space 1536K, 0% used [0x00000000ebd00000,0x00000000ebd00000,0x00000000ebe80000)
 ParOldGen       total 431104K, used 421716K [0x00000000c0000000, 0x00000000da500000, 0x00000000eab00000)
  object space 431104K, 97% used [0x00000000c0000000,0x00000000d9bd5298,0x00000000da500000)
 Metaspace       used 93531K, committed 94912K, reserved 1179648K
  class space    used 9514K, committed 10176K, reserved 1048576K
}
Event: 274825.864 GC heap before
{Heap before GC invocations=1112 (full 39):
 PSYoungGen      total 15360K, used 12314K [0x00000000eab00000, 0x00000000ebe80000, 0x0000000100000000)
  eden space 11776K, 100% used [0x00000000eab00000,0x00000000eb680000,0x00000000eb680000)
  from space 3584K, 15% used [0x00000000eb900000,0x00000000eb986920,0x00000000ebc80000)
  to   space 1536K, 0% used [0x00000000ebd00000,0x00000000ebd00000,0x00000000ebe80000)
 ParOldGen       total 431104K, used 421716K [0x00000000c0000000, 0x00000000da500000, 0x00000000eab00000)
  object space 431104K, 97% used [0x00000000c0000000,0x00000000d9bd5298,0x00000000da500000)
 Metaspace       used 93532K, committed 94912K, reserved 1179648K
  class space    used 9514K, committed 10176K, reserved 1048576K
}
Event: 274825.868 GC heap after
{Heap after GC invocations=1112 (full 39):
 PSYoungGen      total 13312K, used 1525K [0x00000000eab00000, 0x00000000ec380000, 0x0000000100000000)
  eden space 11776K, 0% used [0x00000000eab00000,0x00000000eab00000,0x00000000eb680000)
  from space 1536K, 99% used [0x00000000ebd00000,0x00000000ebe7d4c0,0x00000000ebe80000)
  to   space 6656K, 0% used [0x00000000eb680000,0x00000000eb680000,0x00000000ebd00000)
 ParOldGen       total 431104K, used 425892K [0x00000000c0000000, 0x00000000da500000, 0x00000000eab00000)
  object space 431104K, 98% used [0x00000000c0000000,0x00000000d9fe92b8,0x00000000da500000)
 Metaspace       used 93532K, committed 94912K, reserved 1179648K
  class space    used 9514K, committed 10176K, reserved 1048576K
}
Event: 274826.090 GC heap before
{Heap before GC invocations=1113 (full 39):
 PSYoungGen      total 13312K, used 13301K [0x00000000eab00000, 0x00000000ec380000, 0x0000000100000000)
  eden space 11776K, 100% used [0x00000000eab00000,0x00000000eb680000,0x00000000eb680000)
  from space 1536K, 99% used [0x00000000ebd00000,0x00000000ebe7d4c0,0x00000000ebe80000)
  to   space 6656K, 0% used [0x00000000eb680000,0x00000000eb680000,0x00000000ebd00000)
 ParOldGen       total 431104K, used 425892K [0x00000000c0000000, 0x00000000da500000, 0x00000000eab00000)
  object space 431104K, 98% used [0x00000000c0000000,0x00000000d9fe92b8,0x00000000da500000)
 Metaspace       used 93538K, committed 94912K, reserved 1179648K
  class space    used 9514K, committed 10176K, reserved 1048576K
}
Event: 274826.094 GC heap after
{Heap after GC invocations=1113 (full 39):
 PSYoungGen      total 15872K, used 4058K [0x00000000eab00000, 0x00000000ec080000, 0x0000000100000000)
  eden space 11776K, 0% used [0x00000000eab00000,0x00000000eab00000,0x00000000eb680000)
  from space 4096K, 99% used [0x00000000eb680000,0x00000000eba768f0,0x00000000eba80000)
  to   space 5120K, 0% used [0x00000000ebb80000,0x00000000ebb80000,0x00000000ec080000)
 ParOldGen       total 431104K, used 427383K [0x00000000c0000000, 0x00000000da500000, 0x00000000eab00000)
  object space 431104K, 99% used [0x00000000c0000000,0x00000000da15de78,0x00000000da500000)
 Metaspace       used 93538K, committed 94912K, reserved 1179648K
  class space    used 9514K, committed 10176K, reserved 1048576K
}
Event: 274826.138 GC heap before
{Heap before GC invocations=1114 (full 39):
 PSYoungGen      total 15872K, used 15834K [0x00000000eab00000, 0x00000000ec080000, 0x0000000100000000)
  eden space 11776K, 100% used [0x00000000eab00000,0x00000000eb680000,0x00000000eb680000)
  from space 4096K, 99% used [0x00000000eb680000,0x00000000eba768f0,0x00000000eba80000)
  to   space 5120K, 0% used [0x00000000ebb80000,0x00000000ebb80000,0x00000000ec080000)
 ParOldGen       total 431104K, used 427383K [0x00000000c0000000, 0x00000000da500000, 0x00000000eab00000)
  object space 431104K, 99% used [0x00000000c0000000,0x00000000da15de78,0x00000000da500000)
 Metaspace       used 93538K, committed 94912K, reserved 1179648K
  class space    used 9514K, committed 10176K, reserved 1048576K
}
Event: 274826.149 GC heap after
{Heap after GC invocations=1114 (full 39):
 PSYoungGen      total 5632K, used 5104K [0x00000000eab00000, 0x00000000edb80000, 0x0000000100000000)
  eden space 512K, 0% used [0x00000000eab00000,0x00000000eab00000,0x00000000eab80000)
  from space 5120K, 99% used [0x00000000ebb80000,0x00000000ec07c000,0x00000000ec080000)
  to   space 16384K, 0% used [0x00000000eab80000,0x00000000eab80000,0x00000000ebb80000)
 ParOldGen       total 438784K, used 438724K [0x00000000c0000000, 0x00000000dac80000, 0x00000000eab00000)
  object space 438784K, 99% used [0x00000000c0000000,0x00000000dac71058,0x00000000dac80000)
 Metaspace       used 93538K, committed 94912K, reserved 1179648K
  class space    used 9514K, committed 10176K, reserved 1048576K
}
Event: 274826.149 GC heap before
{Heap before GC invocations=1115 (full 40):
 PSYoungGen      total 5632K, used 5104K [0x00000000eab00000, 0x00000000edb80000, 0x0000000100000000)
  eden space 512K, 0% used [0x00000000eab00000,0x00000000eab00000,0x00000000eab80000)
  from space 5120K, 99% used [0x00000000ebb80000,0x00000000ec07c000,0x00000000ec080000)
  to   space 16384K, 0% used [0x00000000eab80000,0x00000000eab80000,0x00000000ebb80000)
 ParOldGen       total 438784K, used 438724K [0x00000000c0000000, 0x00000000dac80000, 0x00000000eab00000)
  object space 438784K, 99% used [0x00000000c0000000,0x00000000dac71058,0x00000000dac80000)
 Metaspace       used 93538K, committed 94912K, reserved 1179648K
  class space    used 9514K, committed 10176K, reserved 1048576K
}

